FHIR IG Publisher Version 1.8.26 (Git# d479a7160a38). Built 2025-05-08T09:23:30.587Z (19 days old)
Detected Java version: 23-ea from /usr/local/openjdk-23 on amd64 (64bit). 4096MB available
dir = /workspace, path = /home/publisher/bin:/home/publisher/bin/ig-publisher-scripts:/home/publisher/.node/bin:/usr/local/openjdk-23/bin:/usr/local/sbin:/usr/local/bin:/usr/sbin:/usr/bin:/sbin:/bin
Parameters: -go-publish -package-cache-folder /workspace/fhir-package-cache -source /workspace/source -web /workspace/webroot -temp /workspace/temp -registry /workspace/ig-registry/fhir-ig-list.json -history /workspace/history-template -templates /workspace/webroot/templates
---------------
Publication Run: publish /workspace/source to /workspace/webroot
Relative directory for IG is '/ips-pilgrimage'
===== Web Publication Run Details ===============================
 Source IG: smart.who.int.ips-pilgrimage#2.0.3 : http://smart.who.int/ips-pilgrimage (R4) from /workspace/source
All checks passed. Do the publication build from /workspace/source and publish to /workspace/temp/web-root/run-20250527/ips-pilgrimage
Prepare Build space in /workspace/temp/ig-builds/smart.who.int.ips-pilgrimage#2.0.3
Build IG at /workspace/source: final copy suitable for publication (in /workspace/temp/ig-builds/smart.who.int.ips-pilgrimage#2.0.3)
FHIR IG Publisher Version 1.8.26 (Git# d479a7160a38). Built 2025-05-08T09:23:30.587Z (19 days old)  
Detected Java version: 23-ea from /usr/local/openjdk-23 on Linux/amd64 (64bit). 4096MB available    
dir = /workspace, path = /home/publisher/bin:/home/publisher/bin/ig-publisher-scripts:/home/publisher/.node/bin:/usr/local/openjdk-23/bin:/usr/local/sbin:/usr/local/bin:/usr/sbin:/usr/bin:/sbin:/bin
Parameters: -ig /workspace/temp/ig-builds/smart.who.int.ips-pilgrimage#2.0.3 -resetTx -publish http://smart.who.int/ips-pilgrimage/2.0.3 -no-exit
Character encoding = UTF-8 / UTF-8                                                                  
Start Clock @ Tuesday, May 27, 2025, 10:57:30 AM Coordinated Universal Time (2025-05-27T10:57:30Z)  
                                                                                                    
Build FHIR IG from /workspace/temp/ig-builds/smart.who.int.ips-pilgrimage#2.0.3                      (00:00.028 / 00:00.029, 44Mb)
Build Formal Publication package, intended for http://smart.who.int/ips-pilgrimage/2.0.3             (00:00.003 / 00:00.031, 44Mb)
API keys loaded from /home/publisher/.fhir/fhir-settings.json                                        (00:00.001 / 00:00.033, 44Mb)
Package Cache: /home/publisher/.fhir/packages                                                        (00:00.003 / 00:00.036, 44Mb)
Run Sushi on /workspace/temp/ig-builds/smart.who.int.ips-pilgrimage#2.0.3                            (00:06.575 / 00:06.612, 57Mb)
Sushi: info  Running SUSHI v3.16.0 (implements FHIR Shorthand specification v3.0.0)                  (00:00.460 / 00:07.073, 58Mb)
Sushi: info  Arguments:                                                                              (00:00.000 / 00:07.074, 58Mb)
Sushi: info    --require-latest                                                                      (00:00.000 / 00:07.075, 58Mb)
Sushi: info    --out /workspace/temp/ig-builds/smart.who.int.ips-pilgrimage#2.0.3                    (00:00.000 / 00:07.075, 58Mb)
Sushi: info    /workspace/temp/ig-builds/smart.who.int.ips-pilgrimage#2.0.3                          (00:00.000 / 00:07.076, 58Mb)
Sushi: info  Using configuration file: /workspace/temp/ig-builds/smart.who.int.ips-pilgrimage#2.0.3/sushi-config.yaml (00:00.390 / 00:07.467, 58Mb)
Sushi: info  Importing FSH text...                                                                   (00:00.107 / 00:07.574, 58Mb)
Sushi: info  Preprocessed 30 documents with 38 aliases.                                              (00:00.255 / 00:07.829, 58Mb)
Sushi: info  Imported 23 definitions and 51 instances.                                               (00:00.059 / 00:07.888, 58Mb)
Sushi: warn  Detected FSH entity definitions with duplicate names. While FSH allows for duplicate names across entity types, they can lead to ambiguous results when referring to these entities by name elsewhere (e.g., in references). Consider using unique names in FSH declarations and assigning duplicated names using caret assignment rules instead. Detected duplicate names: IPS.HAJJ.ACTOR, IPS.HAJJ.CONSENT, IPS.HAJJ.TRANSACTION. (00:00.006 / 00:07.895, 58Mb)
Sushi: info  Loaded virtual package sushi-r5forR4#1.0.0 with 7 resources                             (00:00.099 / 00:07.994, 58Mb)
Sushi: info  Resolved hl7.fhir.uv.tools.r4#latest to concrete version 0.5.0                          (00:00.523 / 00:08.518, 58Mb)
Sushi: info  Attempting to download hl7.fhir.uv.tools.r4#0.5.0 from https://packages.fhir.org/hl7.fhir.uv.tools.r4/0.5.0 (00:00.000 / 00:08.518, 58Mb)
Sushi: info  Downloaded hl7.fhir.uv.tools.r4#0.5.0                                                   (00:00.305 / 00:08.824, 58Mb)
Sushi: info  Cached hl7.fhir.uv.tools.r4#0.5.0 to /home/publisher/.fhir/packages/hl7.fhir.uv.tools.r4#0.5.0 (00:00.002 / 00:08.826, 58Mb)
Sushi: info  Loaded hl7.fhir.uv.tools.r4#0.5.0 with 88 resources                                     (00:00.039 / 00:08.865, 58Mb)
Sushi: info  Resolved hl7.terminology.r4#latest to concrete version 6.3.0                            (00:00.120 / 00:08.986, 58Mb)
Sushi: info  Attempting to download hl7.terminology.r4#6.3.0 from https://packages.fhir.org/hl7.terminology.r4/6.3.0 (00:00.000 / 00:08.986, 58Mb)
Sushi: info  Downloaded hl7.terminology.r4#6.3.0                                                     (00:01.380 / 00:10.366, 58Mb)
Sushi: info  Cached hl7.terminology.r4#6.3.0 to /home/publisher/.fhir/packages/hl7.terminology.r4#6.3.0 (00:00.001 / 00:10.367, 58Mb)
Sushi: info  Loaded hl7.terminology.r4#6.3.0 with 4374 resources                                     (00:00.959 / 00:11.327, 58Mb)
Sushi: info  Resolved hl7.fhir.uv.extensions.r4#latest to concrete version 5.2.0                     (00:00.118 / 00:11.445, 58Mb)
Sushi: info  Attempting to download hl7.fhir.uv.extensions.r4#5.2.0 from https://packages.fhir.org/hl7.fhir.uv.extensions.r4/5.2.0 (00:00.000 / 00:11.446, 58Mb)
Sushi: info  Downloaded hl7.fhir.uv.extensions.r4#5.2.0                                              (00:00.381 / 00:11.827, 58Mb)
Sushi: info  Cached hl7.fhir.uv.extensions.r4#5.2.0 to /home/publisher/.fhir/packages/hl7.fhir.uv.extensions.r4#5.2.0 (00:00.000 / 00:11.828, 58Mb)
Sushi: info  Loaded hl7.fhir.uv.extensions.r4#5.2.0 with 759 resources                               (00:00.190 / 00:12.018, 58Mb)
Sushi: info  Attempting to download smart.who.int.base#0.1.0 from https://packages.fhir.org/smart.who.int.base/0.1.0 (00:00.001 / 00:12.019, 58Mb)
Sushi: info  Downloaded smart.who.int.base#0.1.0                                                     (00:00.123 / 00:12.143, 58Mb)
Sushi: info  Cached smart.who.int.base#0.1.0 to /home/publisher/.fhir/packages/smart.who.int.base#0.1.0 (00:00.000 / 00:12.144, 58Mb)
Sushi: info  Loaded smart.who.int.base#0.1.0 with 17 resources                                       (00:00.012 / 00:12.156, 58Mb)
Sushi: info  Attempting to download ihe.iti.mcsd#3.8.0 from https://packages.fhir.org/ihe.iti.mcsd/3.8.0 (00:00.000 / 00:12.157, 58Mb)
Sushi: info  Downloaded ihe.iti.mcsd#3.8.0                                                           (00:00.132 / 00:12.290, 58Mb)
Sushi: info  Cached ihe.iti.mcsd#3.8.0 to /home/publisher/.fhir/packages/ihe.iti.mcsd#3.8.0          (00:00.000 / 00:12.291, 58Mb)
Sushi: info  Loaded ihe.iti.mcsd#3.8.0 with 43 resources                                             (00:00.016 / 00:12.307, 58Mb)
Sushi: info  Attempting to download hl7.fhir.uv.ips#1.1.0 from https://packages.fhir.org/hl7.fhir.uv.ips/1.1.0 (00:00.000 / 00:12.307, 58Mb)
Sushi: info  Downloaded hl7.fhir.uv.ips#1.1.0                                                        (00:00.180 / 00:12.488, 58Mb)
Sushi: info  Cached hl7.fhir.uv.ips#1.1.0 to /home/publisher/.fhir/packages/hl7.fhir.uv.ips#1.1.0    (00:00.001 / 00:12.489, 58Mb)
Sushi: info  Loaded hl7.fhir.uv.ips#1.1.0 with 104 resources                                         (00:00.066 / 00:12.556, 58Mb)
Sushi: info  Attempting to download hl7.fhir.uv.sdc#3.0.0 from https://packages.fhir.org/hl7.fhir.uv.sdc/3.0.0 (00:00.001 / 00:12.557, 58Mb)
Sushi: info  Downloaded hl7.fhir.uv.sdc#3.0.0                                                        (00:00.183 / 00:12.741, 58Mb)
Sushi: info  Cached hl7.fhir.uv.sdc#3.0.0 to /home/publisher/.fhir/packages/hl7.fhir.uv.sdc#3.0.0    (00:00.001 / 00:12.742, 58Mb)
Sushi: info  Loaded hl7.fhir.uv.sdc#3.0.0 with 105 resources                                         (00:00.044 / 00:12.786, 58Mb)
Sushi: info  Attempting to download hl7.fhir.uv.cpg#2.0.0 from https://packages.fhir.org/hl7.fhir.uv.cpg/2.0.0 (00:00.000 / 00:12.787, 58Mb)
Sushi: info  Downloaded hl7.fhir.uv.cpg#2.0.0                                                        (00:00.319 / 00:13.107, 58Mb)
Sushi: info  Cached hl7.fhir.uv.cpg#2.0.0 to /home/publisher/.fhir/packages/hl7.fhir.uv.cpg#2.0.0    (00:00.000 / 00:13.108, 58Mb)
Sushi: info  Loaded hl7.fhir.uv.cpg#2.0.0 with 136 resources                                         (00:00.062 / 00:13.170, 58Mb)
Sushi: info  Attempting to download ihe.iti.pcf#1.1.0 from https://packages.fhir.org/ihe.iti.pcf/1.1.0 (00:00.000 / 00:13.171, 58Mb)
Sushi: info  Downloaded ihe.iti.pcf#1.1.0                                                            (00:00.117 / 00:13.288, 58Mb)
Sushi: info  Cached ihe.iti.pcf#1.1.0 to /home/publisher/.fhir/packages/ihe.iti.pcf#1.1.0            (00:00.000 / 00:13.289, 58Mb)
Sushi: info  Loaded ihe.iti.pcf#1.1.0 with 18 resources                                              (00:00.007 / 00:13.297, 58Mb)
Sushi: info  Attempting to download ihe.iti.mhd#4.2.2 from https://packages.fhir.org/ihe.iti.mhd/4.2.2 (00:00.000 / 00:13.297, 58Mb)
Sushi: info  Downloaded ihe.iti.mhd#4.2.2                                                            (00:00.190 / 00:13.488, 58Mb)
Sushi: info  Cached ihe.iti.mhd#4.2.2 to /home/publisher/.fhir/packages/ihe.iti.mhd#4.2.2            (00:00.000 / 00:13.489, 58Mb)
Sushi: info  Loaded ihe.iti.mhd#4.2.2 with 65 resources                                              (00:00.037 / 00:13.527, 58Mb)
Sushi: info  Attempting to download hl7.fhir.r4.core#4.0.1 from https://packages.fhir.org/hl7.fhir.r4.core/4.0.1 (00:00.000 / 00:13.528, 58Mb)
Sushi: info  Downloaded hl7.fhir.r4.core#4.0.1                                                       (00:01.184 / 00:14.712, 58Mb)
Sushi: info  Cached hl7.fhir.r4.core#4.0.1 to /home/publisher/.fhir/packages/hl7.fhir.r4.core#4.0.1  (00:00.000 / 00:14.713, 58Mb)
Sushi: info  Loaded hl7.fhir.r4.core#4.0.1 with 4581 resources                                       (00:00.856 / 00:15.570, 58Mb)
Sushi: info  Loaded virtual package sushi-local#LOCAL with 0 resources                               (00:00.006 / 00:15.577, 58Mb)
Sushi: info  Converting FSH to FHIR resources...                                                     (00:00.017 / 00:15.594, 58Mb)
Sushi: info  Converted 6 FHIR StructureDefinitions.                                                  (00:00.305 / 00:15.900, 58Mb)
Sushi: info  Converted 8 FHIR CodeSystems.                                                           (00:00.127 / 00:16.028, 58Mb)
Sushi: info  Converted 9 FHIR ValueSets.                                                             (00:00.125 / 00:16.153, 58Mb)
Sushi: info  Converted 51 FHIR instances.                                                            (00:02.980 / 00:19.133, 58Mb)
Sushi: info  Exporting FHIR resources as JSON...                                                     (00:00.001 / 00:19.134, 58Mb)
Sushi: info  Exported 54 FHIR resources as JSON.                                                     (00:00.076 / 00:19.211, 58Mb)
Sushi: info  Assembling Implementation Guide sources...                                              (00:00.003 / 00:19.214, 58Mb)
Sushi: info  Generated ImplementationGuide-smart.who.int.ips-pilgrimage.json                         (00:00.037 / 00:19.252, 58Mb)
Sushi: info  Assembled Implementation Guide sources; ready for IG Publisher.                         (00:00.000 / 00:19.252, 58Mb)
Sushi: ========================= SUSHI RESULTS ===========================                           (00:00.000 / 00:19.253, 58Mb)
Sushi: |  -------------------------------------------------------------  |                           (00:00.000 / 00:19.254, 58Mb)
Sushi: | |    Profiles   |  Extensions  |   Logicals   |   Resources   | |                           (00:00.000 / 00:19.254, 58Mb)
Sushi: | |-------------------------------------------------------------| |                           (00:00.000 / 00:19.255, 58Mb)
Sushi: | |       4       |      2       |      0       |       0       | |                           (00:00.000 / 00:19.256, 58Mb)
Sushi: |  -------------------------------------------------------------  |                           (00:00.000 / 00:19.256, 58Mb)
Sushi: |  -------------------------------------------------------------  |                           (00:00.000 / 00:19.257, 58Mb)
Sushi: | |      ValueSets     |    CodeSystems    |     Instances      | |                           (00:00.000 / 00:19.258, 58Mb)
Sushi: | |-------------------------------------------------------------| |                           (00:00.000 / 00:19.258, 58Mb)
Sushi: | |         9          |         8         |         51         | |                           (00:00.000 / 00:19.259, 58Mb)
Sushi: |  -------------------------------------------------------------  |                           (00:00.000 / 00:19.260, 58Mb)
Sushi: |                                                                 |                           (00:00.000 / 00:19.261, 58Mb)
Sushi: ===================================================================                           (00:00.000 / 00:19.262, 58Mb)
Sushi: | You are skating on fin ice.            0 Errors       1 Warning |                           (00:00.000 / 00:19.262, 58Mb)
Sushi: ===================================================================                           (00:00.000 / 00:19.263, 58Mb)
Unable to load IG as an r5 IG - try R4 (property code is a class com.google.gson.JsonPrimitive looking for an object) (00:00.512 / 00:19.776, 38Mb)
Load Template from who.template.root#current                                                         (00:00.557 / 00:20.334, 24Mb)
Installing who.template.root#current to the package cache
  Fetching:

Installing who.template.root#current
 done.
 Load Template from fhir.base.template#current                                                       (00:00.874 / 00:21.209, 41Mb)
Installing fhir.base.template#current to the package cache
  Fetching:

Installing fhir.base.template#current
 done.
Root directory: /workspace/temp/ig-builds/smart.who.int.ips-pilgrimage#2.0.3                         (00:03.371 / 00:24.580, 209Mb)
Terminology Cache is at /workspace/temp/ig-builds/smart.who.int.ips-pilgrimage#2.0.3/input-cache/txcache. Clearing now (00:00.646 / 00:25.226, 87Mb)
Core Package hl7.fhir.r4.core#4.0.1
Running Terminology Log: /tmp/ohfu-fhir-ig-6871517360775940871.html
Connect to Terminology Server at http://tx.fhir.org                                                  (00:13.251 / 00:38.478, 338Mb)
Installing hl7.fhir.pubpack#0.2.1 to the package cache
  Fetching:

Installing hl7.fhir.pubpack#0.2.1
 done.
Load Package hl7.fhir.pubpack#0.2.1
Installing hl7.fhir.xver-extensions#0.1.0 to the package cache
  Fetching:

Installing hl7.fhir.xver-extensions#0.1.0
 done.
Load Package hl7.fhir.xver-extensions#0.1.0
Load Package hl7.terminology.r4#6.3.0
Load Package hl7.fhir.uv.extensions.r4#5.2.0
Installing hl7.terminology#5.5.0 to the package cache
  Fetching:

Installing hl7.terminology#5.5.0
 done.
Installing hl7.fhir.uv.extensions.r4#1.0.0 to the package cache
  Fetching:

Installing hl7.fhir.uv.extensions.r4#1.0.0
 done.
Load Package hl7.fhir.uv.extensions.r4#1.0.0
Load Package hl7.terminology#5.5.0
Installing hl7.fhir.uv.extensions.r4#5.1.0 to the package cache
  Fetching:

Installing hl7.fhir.uv.extensions.r4#5.1.0
 done.
Load Package hl7.fhir.uv.extensions.r4#5.1.0
Installing hl7.fhir.uv.cql#1.0.0 to the package cache
  Fetching:

Installing hl7.fhir.uv.cql#1.0.0
 done.
Load Package hl7.fhir.uv.cql#1.0.0
Installing hl7.fhir.uv.crmi#1.0.0 to the package cache
  Fetching:

Installing hl7.fhir.uv.crmi#1.0.0
 done.
Load Package hl7.fhir.uv.crmi#1.0.0
Ignore Dependency on Core FHIR hl7.fhir.r4.examples#4.0.1, from package 'hl7.fhir.uv.sdc#3.0.0'      (00:14.086 / 00:52.565, 745Mb)
Load Package hl7.fhir.uv.sdc#3.0.0
Load Package smart.who.int.base#0.1.0
Installing hl7.terminology.r4#3.1.0 to the package cache
  Fetching:

Installing hl7.terminology.r4#3.1.0
 done.
Load Package hl7.terminology.r4#3.1.0
Installing ihe.iti.balp#1.1.0 to the package cache
  Fetching:

Installing ihe.iti.balp#1.1.0
 done.
Load Package ihe.iti.balp#1.1.0
Load Package ihe.iti.mcsd#3.8.0
Installing hl7.terminology.r4#5.0.0 to the package cache
  Fetching:

Installing hl7.terminology.r4#5.0.0
 done.
Load Package hl7.terminology.r4#5.0.0
Installing fhir.dicom#2022.4.20221006 to the package cache
  Fetching:

Installing fhir.dicom#2022.4.20221006
 done.
Load Package fhir.dicom#2022.4.20221006
Load Package hl7.fhir.uv.ips#1.1.0
Ignore Dependency on Core FHIR hl7.fhir.r4.examples#4.0.1, from package 'hl7.fhir.uv.sdc#3.0.0'      (00:28.117 / 01:20.682, 714Mb)
Load Package hl7.fhir.uv.sdc#3.0.0
Installing hl7.terminology.r4#6.1.0 to the package cache
  Fetching:

Installing hl7.terminology.r4#6.1.0
 done.
Load Package hl7.terminology.r4#6.1.0
Load Package hl7.fhir.uv.cpg#2.0.0
Installing hl7.terminology.r4#5.3.0 to the package cache
  Fetching:

Installing hl7.terminology.r4#5.3.0
 done.
Load Package hl7.terminology.r4#5.3.0
Installing us.nlm.vsac#0.9.0 to the package cache
  Fetching:

Installing us.nlm.vsac#0.9.0
 done.
Load Package us.nlm.vsac#0.9.0
Load Package ihe.iti.balp#1.1.0
Load Package ihe.iti.pcf#1.1.0
Installing hl7.terminology.r4#5.5.0 to the package cache
  Fetching:

Installing hl7.terminology.r4#5.5.0
 done.
Load Package hl7.terminology.r4#5.5.0
Load Package ihe.iti.balp#1.1.0
Installing ihe.formatcode.fhir#1.2.x to the package cache
  Fetching:

Installing ihe.formatcode.fhir#1.2.0
 done.
Load Package ihe.formatcode.fhir#1.2.0
Load Package ihe.iti.mhd#4.2.2
Load Package hl7.fhir.uv.tools.r4#0.5.0
Load R5 Specials
Installing hl7.fhir.r5.core#5.0.0 to the package cache
  Fetching:

Installing hl7.fhir.r5.core#5.0.0
 done.
Initialization complete                                                                              (00:57.518 / 02:18.201, 955Mb)
Load Content                                                                                         (00:00.002 / 02:18.203, 955Mb)
Using en-US as the default narrative language. (no language information in Implementation Guide)     (00:00.162 / 02:18.365, 964Mb)
Error loading /workspace/temp/ig-builds/smart.who.int.ips-pilgrimage#2.0.3/input/testing/ViewIPSContent.feature as XML: Content is not allowed in prolog. at line 0 col 0 (00:01.048 / 02:19.413, 1000Mb)
Error loading /workspace/temp/ig-builds/smart.who.int.ips-pilgrimage#2.0.3/input/testing/ViewIPSContent.feature as JSON: Error parsing JSON source: Unexpected content at start of JSON: String at Line 1 (path=[Feature]) (00:00.005 / 02:19.418, 1000Mb)
Error loading /workspace/temp/ig-builds/smart.who.int.ips-pilgrimage#2.0.3/input/testing/ViewIPSContent.feature as Turtle: Unknown prefix Feature (00:00.009 / 02:19.427, 1001Mb)
ADL Error loading /workspace/temp/ig-builds/smart.who.int.ips-pilgrimage#2.0.3/input/testing/ViewIPSContent.feature: Error @1, 8: Found "Feature" expecting "group" (00:00.014 / 02:19.442, 1002Mb)
Process Loaded Resources                                                                             (00:00.375 / 02:19.818, 1Gb)
Generating Snapshots                                                                                 (00:00.271 / 02:20.089, 1Gb)
loadPrePages from FetchedFile[/workspace/temp/ig-builds/smart.who.int.ips-pilgrimage#2.0.3/fsh-generated/includes] as /workspace/temp/ig-builds/smart.who.int.ips-pilgrimage#2.0.3/fsh-generated/includes
loadPrePages from FetchedFile[/workspace/temp/ig-builds/smart.who.int.ips-pilgrimage#2.0.3/input/pagecontent] as /workspace/temp/ig-builds/smart.who.int.ips-pilgrimage#2.0.3/input/pagecontent
Fetch http://smart.who.int/ips-pilgrimage/package-list.json for version check                        (00:00.882 / 02:20.971, 891Mb)
Processing Conformance Resources                                                                     (00:00.317 / 02:21.289, 897Mb)
Checking Language                                                                                    (00:00.000 / 02:21.290, 897Mb)
Load Dependency Info                                                                                 (00:00.001 / 02:21.291, 897Mb)
Load Info                                                                                            (00:00.001 / 02:21.293, 897Mb)
Load Paths                                                                                           (00:00.001 / 02:21.294, 898Mb)
Check R4 / R4B                                                                                       (00:00.001 / 02:21.295, 898Mb)
Assign Comparison Ids                                                                                (00:00.015 / 02:21.311, 901Mb)
Propagating status                                                                                   (00:00.000 / 02:21.311, 901Mb)
Generating Narratives                                                                                (00:00.000 / 02:21.312, 901Mb)
Validating Conformance Resources                                                                     (00:04.396 / 02:25.709, 1Gb)
Check profiles & code systems                                                                        (01:32.877 / 03:58.586, 1Gb)
Check realm rules                                                                                    (00:00.003 / 03:58.590, 1Gb)
Previous Version Comparison                                                                          (00:00.000 / 03:58.591, 1Gb)
Installing smart.who.int.ips-pilgrimage#2.0.2 to the package cache
  Fetching:
2025-05-27 11:01:29.109 [main] INFO  o.h.f.u.npm.BasePackageCacheManager [BasePackageCacheManager.java:92] Failed to resolve package smart.who.int.ips-pilgrimage#2.0.2 from server: https://packages2.fhir.org/packages (Not found)
2025-05-27 11:01:29.410 [main] INFO  o.h.f.u.npm.BasePackageCacheManager [BasePackageCacheManager.java:92] Failed to resolve package smart.who.int.ips-pilgrimage#2.0.2 from server: https://packages.fhir.org (Not Found)

Installing smart.who.int.ips-pilgrimage#2.0.2
 done.
Installing hl7.terminology.r4#6.2.0 to the package cache
  Fetching:

Installing hl7.terminology.r4#6.2.0
 done.
Installing hl7.fhir.r4.examples#4.0.1 to the package cache
  Fetching:

Installing hl7.fhir.r4.examples#4.0.1
 done.
Validating Resources                                                                                 (00:38.961 / 04:37.553, 1Gb)
Processing Provenance Records                                                                        (00:20.896 / 04:58.449, 1Gb)
Generating Outputs in /workspace/temp/ig-builds/smart.who.int.ips-pilgrimage#2.0.3/output            (00:00.001 / 04:58.450, 1Gb)
Generate Native Outputs                                                                              (00:00.128 / 04:58.579, 1Gb)
Run Template                                                                                         (00:03.868 / 05:02.447, 2Gb)
Generate HTML Outputs                                                                                (00:02.337 / 05:04.785, 2Gb)
Generate Spreadsheets                                                                                (00:25.831 / 05:30.616, 3Gb)
Generate Summaries                                                                                   (00:05.554 / 05:36.170, 3Gb)
Generating Summary Outputs                                                                           (00:00.001 / 05:36.172, 3Gb)
DB Cumulative Time invested: 00:00:00.483
Sending Usage Stats to Server                                                                        (00:17.624 / 05:53.796, 3Gb)
## Memory (MB): Use = 3665, Free = 430, Total = 4096, Max = 4096                                     (00:00.005 / 05:53.802, 3Gb)
Reclaiming memory...                                                                                 (00:00.000 / 05:53.803, 3Gb)
## Memory (MB): Use = 3470, Free = 625, Total = 4096, Max = 4096                                     (00:01.543 / 05:55.346, 3Gb)
Run jekyll: jekyll build --destination "/workspace/temp/ig-builds/smart.who.int.ips-pilgrimage#2.0.3/output" (in folder /workspace/temp/ig-builds/smart.who.int.ips-pilgrimage#2.0.3/temp/pages) (00:00.001 / 05:55.348, 3Gb)
Troubleshooting Note: usual cases for Jekyll to fail are:                                            (00:00.001 / 05:55.349, 3Gb)
* A failure to produce a fragment that is already logged in the output above                         (00:00.000 / 05:55.350, 3Gb)
* A reference to a manually edited file that hasn't been provided                                    (00:00.000 / 05:55.351, 3Gb)
Jekyll: Source: /workspace/temp/ig-builds/smart.who.int.ips-pilgrimage#2.0.3/temp/pages              (00:00.428 / 05:55.779, 3Gb)
Jekyll: Generating...                                                                                (00:00.001 / 05:55.780, 3Gb)
Jekyll: done in 2.238 seconds.                                                                       (00:02.236 / 05:58.017, 3Gb)

Installing smart.who.int.ips-pilgrimage#2.0.3
 done.
Checking Output HTML                                                                                 (00:02.396 / 06:00.414, 3Gb)
found 1209 files                                                                                     (00:00.010 / 06:00.425, 3Gb)
........................................
........................................
  ... 1209 html files, 0 pages invalid xhtml (0%)                                                    (00:14.030 / 06:14.455, 3Gb)
  ... 245156 links, 0 broken links (0%)                                                              (00:00.001 / 06:14.456, 3Gb)
Generate fragment-usage-analysis.csv                                                                 (00:00.001 / 06:14.457, 3Gb)
Build final .zip                                                                                     (00:00.006 / 06:14.464, 3Gb)
Final .zip built                                                                                     (00:02.108 / 06:16.572, 3Gb)
Built. Times: loading: 00:03.084, generate: 04:02.918, narrative generation: 00:04.396, realm-rules: 00:00.000, previous-version: 00:38.912, jekyll: 00:02.690, validation: 01:53.746 (#55), template: 00:02.343 (#3) (00:07.635 / 06:24.207, 3Gb)
Generating QA                                                                                        (00:00.001 / 06:24.209, 3Gb)
Validation output in /workspace/temp/ig-builds/smart.who.int.ips-pilgrimage#2.0.3/output/qa.html
Errors: 0, Warnings: 101, Info: 71, Broken Links: 0 (00:00.292 / 06:24.501, 3Gb)
Finished. Max Memory Used = 3Gb. Log file saved in /tmp/fhir-ig-publisher-tmp.log                    (00:00.011 / 06:24.512, 3Gb)
Prepare Build space in /workspace/temp/ig-builds/smart.who.int.ips-pilgrimage#2.0.3-milestone
Build IG at /workspace/source: final copy suitable for publication (in /workspace/temp/ig-builds/smart.who.int.ips-pilgrimage#2.0.3-milestone) (milestone build)
FHIR IG Publisher Version 1.8.26 (Git# d479a7160a38). Built 2025-05-08T09:23:30.587Z (19 days old)  
Detected Java version: 23-ea from /usr/local/openjdk-23 on Linux/amd64 (64bit). 4096MB available    
dir = /workspace, path = /home/publisher/bin:/home/publisher/bin/ig-publisher-scripts:/home/publisher/.node/bin:/usr/local/openjdk-23/bin:/usr/local/sbin:/usr/local/bin:/usr/sbin:/usr/bin:/sbin:/bin
Parameters: -ig /workspace/temp/ig-builds/smart.who.int.ips-pilgrimage#2.0.3-milestone -publish http://smart.who.int/ips-pilgrimage/2.0.3 -milestone -no-exit
Character encoding = UTF-8 / UTF-8                                                                  
Start Clock @ Tuesday, May 27, 2025, 11:03:57 AM Coordinated Universal Time (2025-05-27T11:03:57Z)  
                                                                                                    
Build FHIR IG from /workspace/temp/ig-builds/smart.who.int.ips-pilgrimage#2.0.3-milestone            (00:00.002 / 00:00.002, 3Gb)
Build Formal Publication package, intended for http://smart.who.int/ips-pilgrimage/2.0.3             (00:00.000 / 00:00.002, 3Gb)
API keys loaded from /home/publisher/.fhir/fhir-settings.json                                        (00:00.000 / 00:00.003, 3Gb)
Package Cache: /home/publisher/.fhir/packages                                                        (00:00.000 / 00:00.004, 3Gb)
Run Sushi on /workspace/temp/ig-builds/smart.who.int.ips-pilgrimage#2.0.3-milestone                  (00:00.001 / 00:00.005, 3Gb)
Sushi: info  Running SUSHI v3.16.0 (implements FHIR Shorthand specification v3.0.0)                  (00:00.446 / 00:00.451, 3Gb)
Sushi: info  Arguments:                                                                              (00:00.000 / 00:00.452, 3Gb)
Sushi: info    --require-latest                                                                      (00:00.000 / 00:00.453, 3Gb)
Sushi: info    --out /workspace/temp/ig-builds/smart.who.int.ips-pilgrimage#2.0.3-milestone          (00:00.000 / 00:00.454, 3Gb)
Sushi: info    /workspace/temp/ig-builds/smart.who.int.ips-pilgrimage#2.0.3-milestone                (00:00.000 / 00:00.454, 3Gb)
Sushi: info  Using configuration file: /workspace/temp/ig-builds/smart.who.int.ips-pilgrimage#2.0.3-milestone/sushi-config.yaml (00:00.613 / 00:01.068, 3Gb)
Sushi: info  Importing FSH text...                                                                   (00:00.106 / 00:01.174, 3Gb)
Sushi: info  Preprocessed 30 documents with 38 aliases.                                              (00:00.259 / 00:01.433, 3Gb)
Sushi: info  Imported 23 definitions and 51 instances.                                               (00:00.065 / 00:01.498, 3Gb)
Sushi: warn  Detected FSH entity definitions with duplicate names. While FSH allows for duplicate names across entity types, they can lead to ambiguous results when referring to these entities by name elsewhere (e.g., in references). Consider using unique names in FSH declarations and assigning duplicated names using caret assignment rules instead. Detected duplicate names: IPS.HAJJ.ACTOR, IPS.HAJJ.CONSENT, IPS.HAJJ.TRANSACTION. (00:00.006 / 00:01.505, 3Gb)
Sushi: info  Loaded virtual package sushi-r5forR4#1.0.0 with 7 resources                             (00:00.099 / 00:01.604, 3Gb)
Sushi: info  Resolved hl7.fhir.uv.tools.r4#latest to concrete version 0.5.0                          (00:00.488 / 00:02.092, 3Gb)
Sushi: info  Loaded hl7.fhir.uv.tools.r4#0.5.0 with 88 resources                                     (00:00.041 / 00:02.133, 3Gb)
Sushi: info  Resolved hl7.terminology.r4#latest to concrete version 6.3.0                            (00:00.139 / 00:02.273, 3Gb)
Sushi: info  Loaded hl7.terminology.r4#6.3.0 with 4374 resources                                     (00:00.982 / 00:03.255, 3Gb)
Sushi: info  Resolved hl7.fhir.uv.extensions.r4#latest to concrete version 5.2.0                     (00:00.123 / 00:03.379, 3Gb)
Sushi: info  Loaded hl7.fhir.uv.extensions.r4#5.2.0 with 759 resources                               (00:00.216 / 00:03.595, 3Gb)
Sushi: info  Loaded smart.who.int.base#0.1.0 with 17 resources                                       (00:00.012 / 00:03.607, 3Gb)
Sushi: info  Loaded ihe.iti.mcsd#3.8.0 with 43 resources                                             (00:00.015 / 00:03.623, 3Gb)
Sushi: info  Loaded hl7.fhir.uv.ips#1.1.0 with 104 resources                                         (00:00.068 / 00:03.692, 3Gb)
Sushi: info  Loaded hl7.fhir.uv.sdc#3.0.0 with 105 resources                                         (00:00.043 / 00:03.735, 3Gb)
Sushi: info  Loaded hl7.fhir.uv.cpg#2.0.0 with 136 resources                                         (00:00.062 / 00:03.797, 3Gb)
Sushi: info  Loaded ihe.iti.pcf#1.1.0 with 18 resources                                              (00:00.007 / 00:03.805, 3Gb)
Sushi: info  Loaded ihe.iti.mhd#4.2.2 with 65 resources                                              (00:00.041 / 00:03.847, 3Gb)
Sushi: info  Loaded hl7.fhir.r4.core#4.0.1 with 4581 resources                                       (00:00.868 / 00:04.715, 3Gb)
Sushi: info  Loaded virtual package sushi-local#LOCAL with 0 resources                               (00:00.006 / 00:04.721, 3Gb)
Sushi: info  Converting FSH to FHIR resources...                                                     (00:00.017 / 00:04.739, 3Gb)
Sushi: info  Converted 6 FHIR StructureDefinitions.                                                  (00:00.300 / 00:05.039, 3Gb)
Sushi: info  Converted 8 FHIR CodeSystems.                                                           (00:00.126 / 00:05.166, 3Gb)
Sushi: info  Converted 9 FHIR ValueSets.                                                             (00:00.126 / 00:05.292, 3Gb)
Sushi: info  Converted 51 FHIR instances.                                                            (00:02.997 / 00:08.290, 3Gb)
Sushi: info  Exporting FHIR resources as JSON...                                                     (00:00.001 / 00:08.291, 3Gb)
Sushi: info  Exported 54 FHIR resources as JSON.                                                     (00:00.078 / 00:08.369, 3Gb)
Sushi: info  Assembling Implementation Guide sources...                                              (00:00.005 / 00:08.374, 3Gb)
Sushi: info  Generated ImplementationGuide-smart.who.int.ips-pilgrimage.json                         (00:00.035 / 00:08.409, 3Gb)
Sushi: info  Assembled Implementation Guide sources; ready for IG Publisher.                         (00:00.001 / 00:08.411, 3Gb)
Sushi: ========================= SUSHI RESULTS ===========================                           (00:00.001 / 00:08.412, 3Gb)
Sushi: |  -------------------------------------------------------------  |                           (00:00.000 / 00:08.413, 3Gb)
Sushi: | |    Profiles   |  Extensions  |   Logicals   |   Resources   | |                           (00:00.000 / 00:08.414, 3Gb)
Sushi: | |-------------------------------------------------------------| |                           (00:00.000 / 00:08.415, 3Gb)
Sushi: | |       4       |      2       |      0       |       0       | |                           (00:00.001 / 00:08.416, 3Gb)
Sushi: |  -------------------------------------------------------------  |                           (00:00.001 / 00:08.417, 3Gb)
Sushi: |  -------------------------------------------------------------  |                           (00:00.001 / 00:08.418, 3Gb)
Sushi: | |      ValueSets     |    CodeSystems    |     Instances      | |                           (00:00.001 / 00:08.419, 3Gb)
Sushi: | |-------------------------------------------------------------| |                           (00:00.000 / 00:08.420, 3Gb)
Sushi: | |         9          |         8         |         51         | |                           (00:00.000 / 00:08.421, 3Gb)
Sushi: |  -------------------------------------------------------------  |                           (00:00.001 / 00:08.422, 3Gb)
Sushi: |                                                                 |                           (00:00.001 / 00:08.423, 3Gb)
Sushi: ===================================================================                           (00:00.002 / 00:08.425, 3Gb)
Sushi: | Keep swimming, Dory.                   0 Errors       1 Warning |                           (00:00.000 / 00:08.426, 3Gb)
Sushi: ===================================================================                           (00:00.000 / 00:08.427, 3Gb)
Unable to load IG as an r5 IG - try R4 (property code is a class com.google.gson.JsonPrimitive looking for an object) (00:00.010 / 00:08.438, 3Gb)
Load Template from who.template.root#current                                                         (00:00.031 / 00:08.469, 3Gb)
 Load Template from fhir.base.template#current                                                       (00:00.381 / 00:08.851, 3Gb)
Root directory: /workspace/temp/ig-builds/smart.who.int.ips-pilgrimage#2.0.3-milestone               (00:01.761 / 00:10.612, 3Gb)
Terminology Cache is at /workspace/temp/ig-builds/smart.who.int.ips-pilgrimage#2.0.3-milestone/input-cache/txcache. 18 files in cache (00:00.660 / 00:11.273, 3Gb)
Core Package hl7.fhir.r4.core#4.0.1
Running Terminology Log: /tmp/ohfu-fhir-ig-12501437587843827461.html
Connect to Terminology Server at http://tx.fhir.org                                                  (00:01.428 / 00:12.702, 3Gb)
Load Package hl7.fhir.pubpack#0.2.1
Load Package hl7.fhir.xver-extensions#0.1.0
Load Package hl7.terminology.r4#6.3.0
Load Package hl7.fhir.uv.extensions.r4#5.2.0
Load Package hl7.fhir.uv.extensions.r4#1.0.0
Load Package hl7.terminology#5.5.0
Load Package hl7.fhir.uv.extensions.r4#5.1.0
Load Package hl7.fhir.uv.cql#1.0.0
Load Package hl7.fhir.uv.crmi#1.0.0
Ignore Dependency on Core FHIR hl7.fhir.r4.examples#4.0.1, from package 'hl7.fhir.uv.sdc#3.0.0'      (00:05.803 / 00:18.505, 3Gb)
Load Package hl7.fhir.uv.sdc#3.0.0
Load Package smart.who.int.base#0.1.0
Load Package hl7.terminology.r4#3.1.0
Load Package ihe.iti.balp#1.1.0
Load Package ihe.iti.mcsd#3.8.0
Load Package hl7.terminology.r4#5.0.0
Load Package fhir.dicom#2022.4.20221006
Load Package hl7.fhir.uv.ips#1.1.0
Ignore Dependency on Core FHIR hl7.fhir.r4.examples#4.0.1, from package 'hl7.fhir.uv.sdc#3.0.0'      (00:04.417 / 00:22.923, 3Gb)
Load Package hl7.fhir.uv.sdc#3.0.0
Load Package hl7.terminology.r4#6.1.0
Load Package hl7.fhir.uv.cpg#2.0.0
Load Package hl7.terminology.r4#5.3.0
Load Package us.nlm.vsac#0.9.0
Load Package ihe.iti.balp#1.1.0
Load Package ihe.iti.pcf#1.1.0
Load Package hl7.terminology.r4#5.5.0
Load Package ihe.iti.balp#1.1.0
Load Package ihe.formatcode.fhir#1.2.0
Load Package ihe.iti.mhd#4.2.2
Load Package hl7.fhir.uv.tools.r4#0.5.0
Load R5 Specials
Sending usage stats failed: Connection timed out
Initialization complete                                                                              (01:22.492 / 01:45.415, 782Mb)
Load Content                                                                                         (00:00.001 / 01:45.416, 782Mb)
Using en-US as the default narrative language. (no language information in Implementation Guide)     (00:00.029 / 01:45.446, 790Mb)
Error loading /workspace/temp/ig-builds/smart.who.int.ips-pilgrimage#2.0.3-milestone/input/testing/ViewIPSContent.feature as XML: Content is not allowed in prolog. at line 0 col 0 (00:00.490 / 01:45.937, 825Mb)
Error loading /workspace/temp/ig-builds/smart.who.int.ips-pilgrimage#2.0.3-milestone/input/testing/ViewIPSContent.feature as JSON: Error parsing JSON source: Unexpected content at start of JSON: String at Line 1 (path=[Feature]) (00:00.005 / 01:45.942, 825Mb)
Error loading /workspace/temp/ig-builds/smart.who.int.ips-pilgrimage#2.0.3-milestone/input/testing/ViewIPSContent.feature as Turtle: Unknown prefix Feature (00:00.005 / 01:45.947, 825Mb)
ADL Error loading /workspace/temp/ig-builds/smart.who.int.ips-pilgrimage#2.0.3-milestone/input/testing/ViewIPSContent.feature: Error @1, 8: Found "Feature" expecting "group" (00:00.012 / 01:45.960, 826Mb)
Process Loaded Resources                                                                             (00:00.418 / 01:46.378, 861Mb)
Generating Snapshots                                                                                 (00:00.232 / 01:46.610, 891Mb)
loadPrePages from FetchedFile[/workspace/temp/ig-builds/smart.who.int.ips-pilgrimage#2.0.3-milestone/fsh-generated/includes] as /workspace/temp/ig-builds/smart.who.int.ips-pilgrimage#2.0.3-milestone/fsh-generated/includes
loadPrePages from FetchedFile[/workspace/temp/ig-builds/smart.who.int.ips-pilgrimage#2.0.3-milestone/input/pagecontent] as /workspace/temp/ig-builds/smart.who.int.ips-pilgrimage#2.0.3-milestone/input/pagecontent
Fetch http://smart.who.int/ips-pilgrimage/package-list.json for version check                        (00:00.529 / 01:47.140, 1Gb)
Processing Conformance Resources                                                                     (00:00.182 / 01:47.323, 1Gb)
Checking Language                                                                                    (00:00.001 / 01:47.324, 1Gb)
Load Dependency Info                                                                                 (00:00.002 / 01:47.327, 1Gb)
Load Info                                                                                            (00:00.000 / 01:47.328, 1Gb)
Load Paths                                                                                           (00:00.000 / 01:47.328, 1Gb)
Check R4 / R4B                                                                                       (00:00.000 / 01:47.329, 1Gb)
Assign Comparison Ids                                                                                (00:00.009 / 01:47.338, 1Gb)
Propagating status                                                                                   (00:00.000 / 01:47.339, 1Gb)
Generating Narratives                                                                                (00:00.000 / 01:47.339, 1Gb)
Validating Conformance Resources                                                                     (00:02.395 / 01:49.735, 1Gb)
Check profiles & code systems                                                                        (01:32.950 / 03:22.686, 1Gb)
Check realm rules                                                                                    (00:00.003 / 03:22.688, 1Gb)
Previous Version Comparison                                                                          (00:00.000 / 03:22.689, 1Gb)
Validating Resources                                                                                 (00:24.271 / 03:46.961, 1Gb)
Processing Provenance Records                                                                        (00:03.409 / 03:50.370, 2Gb)
Generating Outputs in /workspace/temp/ig-builds/smart.who.int.ips-pilgrimage#2.0.3-milestone/output  (00:00.000 / 03:50.371, 2Gb)
Generate Native Outputs                                                                              (00:00.136 / 03:50.507, 2Gb)
Run Template                                                                                         (00:04.001 / 03:54.509, 2Gb)
Generate HTML Outputs                                                                                (00:02.731 / 03:57.241, 2Gb)
Generate Spreadsheets                                                                                (00:24.791 / 04:22.033, 3Gb)
Generate Summaries                                                                                   (00:04.011 / 04:26.044, 3Gb)
Generating Summary Outputs                                                                           (00:00.001 / 04:26.046, 3Gb)
DB Cumulative Time invested: 00:00:00.444
Sending Usage Stats to Server                                                                        (00:16.119 / 04:42.165, 3Gb)
## Memory (MB): Use = 3754, Free = 341, Total = 4096, Max = 4096                                     (00:00.002 / 04:42.167, 3Gb)
Reclaiming memory...                                                                                 (00:00.001 / 04:42.168, 3Gb)
## Memory (MB): Use = 3471, Free = 624, Total = 4096, Max = 4096                                     (00:01.510 / 04:43.679, 3Gb)
Run jekyll: jekyll build --destination "/workspace/temp/ig-builds/smart.who.int.ips-pilgrimage#2.0.3-milestone/output" (in folder /workspace/temp/ig-builds/smart.who.int.ips-pilgrimage#2.0.3-milestone/temp/pages) (00:00.001 / 04:43.680, 3Gb)
Troubleshooting Note: usual cases for Jekyll to fail are:                                            (00:00.001 / 04:43.681, 3Gb)
* A failure to produce a fragment that is already logged in the output above                         (00:00.000 / 04:43.682, 3Gb)
* A reference to a manually edited file that hasn't been provided                                    (00:00.000 / 04:43.683, 3Gb)
Jekyll: Source: /workspace/temp/ig-builds/smart.who.int.ips-pilgrimage#2.0.3-milestone/temp/pages    (00:00.353 / 04:44.036, 3Gb)
Jekyll: Generating...                                                                                (00:00.000 / 04:44.037, 3Gb)
Jekyll: done in 2.127 seconds.                                                                       (00:02.126 / 04:46.163, 3Gb)

Installing smart.who.int.ips-pilgrimage#2.0.3
Checking Output HTML                                                                                 (00:01.930 / 04:48.094, 3Gb)
found 1209 files                                                                                     (00:00.010 / 04:48.104, 3Gb)
........................................
........................................
  ... 1209 html files, 0 pages invalid xhtml (0%)                                                    (00:12.130 / 05:00.234, 3Gb)
  ... 245156 links, 0 broken links (0%)                                                              (00:00.001 / 05:00.235, 3Gb)
Generate fragment-usage-analysis.csv                                                                 (00:00.000 / 05:00.236, 3Gb)
Build final .zip                                                                                     (00:00.006 / 05:00.243, 3Gb)
Final .zip built                                                                                     (00:02.079 / 05:02.322, 3Gb)
Built. Times: loading: 00:01.905, generate: 03:22.186, narrative generation: 00:02.394, realm-rules: 00:00.000, previous-version: 00:24.218, jekyll: 00:02.504, validation: 01:36.324 (#55), template: 00:02.737 (#3) (00:07.187 / 05:09.509, 3Gb)
Generating QA                                                                                        (00:00.001 / 05:09.511, 3Gb)
Validation output in /workspace/temp/ig-builds/smart.who.int.ips-pilgrimage#2.0.3-milestone/output/qa.html
Errors: 0, Warnings: 101, Info: 71, Broken Links: 0 (00:00.257 / 05:09.768, 3Gb)
Finished. Max Memory Used = 3Gb. Log file saved in /tmp/fhir-ig-publisher-tmp.log                    (00:00.008 / 05:09.777, 3Gb)
Keep a copy of the build directory at /workspace/temp/web-root/run-20250527/ig-build-zips/smart.who.int.ips-pilgrimage#2.0.3.zip

ok. All checks passed. Publish v2.0.3 to /workspace/temp/web-root/run-20250527/ips-pilgrimage/2.0.3
Copy the IG to /workspace/temp/web-root/run-20250527/ips-pilgrimage/2.0.3
Update /workspace/temp/web-root/run-20250527/ips-pilgrimage/package-list.json
Publish Box Statement: This page is part of the SMART Verifiable IPS for Pilgrimage (v2.0.3: Release) based on <a data-no-external="true" href="http://hl7.org/fhir/R4">FHIR (HL7® FHIR® Standard) R4</a>. This is the current published version in its permanent home (it will always be available at this URL).  For a full list of available versions, see the <a data-no-external="true" href="http://smart.who.int/ips-pilgrimage/history.html">Directory of published versions</a>
  .. 359 files checked, 359 updated
  .. 165 clones checked, 330 updated
  .. 55 redirections (55 created/updated)
This is a milestone release - publish v2.0.3 to /workspace/temp/web-root/run-20250527/ips-pilgrimage
Update publish box for version 2.0.2 @ http://smart.who.int/ips-pilgrimage/2.0.2
Publish Box Statement: This page is part of the SMART Verifiable IPS for Pilgrimage (v2.0.2: Release) based on <a data-no-external="true" href="http://hl7.org/fhir/R4">FHIR (HL7® FHIR® Standard) R4</a>. The current version which supersedes this version is <a data-no-external="true" href="http://smart.who.int/ips-pilgrimage{{fn}}">2.0.3</a>.  For a full list of available versions, see the <a data-no-external="true" href="http://smart.who.int/ips-pilgrimage/history.html">Directory of published versions</a>
  .. 354 files checked, 354 updated
  .. 117 clones checked, 0 updated
Building download for /workspace/temp/web-root/run-20250527/ips-pilgrimage/2.0.2 url = http://smart.who.int/ips-pilgrimage/2.0.2, canonical = http://smart.who.int/ips-pilgrimage
  ........................................
 ..Finished
Update publish box for version 1.0.0 @ http://smart.who.int/ips-pilgrimage/1.0.0
Publish Box Statement: This page is part of the SMART Verifiable IPS for Pilgrimage (v1.0.0: Releases Draft) based on <a data-no-external="true" href="http://hl7.org/fhir/4.3.0">FHIR (HL7® FHIR® Standard) v4.3.0</a>. The current version which supersedes this version is <a data-no-external="true" href="http://smart.who.int/ips-pilgrimage{{fn}}">2.0.3</a>.  For a full list of available versions, see the <a data-no-external="true" href="http://smart.who.int/ips-pilgrimage/history.html">Directory of published versions</a>
  .. 163 files checked, 163 updated
  .. 45 clones checked, 0 updated
Publish Box Statement: This page is part of the SMART Verifiable IPS for Pilgrimage (v2.0.3: Release) based on <a data-no-external="true" href="http://hl7.org/fhir/R4">FHIR (HL7® FHIR® Standard) R4</a>. This is the current published version.  For a full list of available versions, see the <a data-no-external="true" href="http://smart.who.int/ips-pilgrimage/history.html">Directory of published versions</a>
  .. 359 files checked, 359 updated
  .. 165 clones checked, 330 updated
  .. 55 redirections (55 created/updated)
Check for Files to delete
  ... 0 files
Copy to new IG /workspace/temp/web-root/run-20250527/ips-pilgrimage
[Fatal Error] :1:1: Content is not allowed in prolog.
Unable to process RSS feed /workspace/temp/web-root/run-20250527/publication-feed.xml as XML - processing as text instead (Content is not allowed in prolog.)
smart.who.int.ips-pilgrimage (http://smart.who.int/ips-pilgrimage): SMART Verifiable IPS for Pilgrimage @ http://worldhealthorganization.github.io/smart-ips-pilgrimage
  release: Releases 2.0.3/4.0.1 @ http://smart.who.int/ips-pilgrimage/2.0.3
Build is complete. Copy from /workspace/temp/web-root/run-20250527
Update history page at /workspace/temp/web-root/run-20250527/ips-pilgrimage from /workspace/history-template and /workspace/webroot/templates
